::1 - - [08/May/2019:00:45:29 -0600] "GET / HTTP/1.1" 200 4868
::1 - - [08/May/2019:00:45:29 -0600] "GET /index.php?img=gifLogo HTTP/1.1" 200 4549
::1 - - [08/May/2019:00:45:29 -0600] "GET /index.php?img=pngPlugin HTTP/1.1" 200 548
::1 - - [08/May/2019:00:45:29 -0600] "GET /index.php?img=pngWrench HTTP/1.1" 200 741
::1 - - [08/May/2019:00:45:29 -0600] "GET /index.php?img=pngFolderGo HTTP/1.1" 200 694
::1 - - [08/May/2019:00:45:29 -0600] "GET /index.php?img=favicon HTTP/1.1" 200 1429
::1 - - [08/May/2019:00:48:08 -0600] "GET /phpmyadmin/ HTTP/1.1" 200 50714
::1 - - [08/May/2019:00:48:09 -0600] "GET /phpmyadmin/themes/pmahomme/jquery/jquery-ui-1.9.2.custom.css HTTP/1.1" 200 32278
::1 - - [08/May/2019:00:48:09 -0600] "GET /phpmyadmin/themes/pmahomme/img/logo_left.png HTTP/1.1" 200 2327
::1 - - [08/May/2019:00:48:09 -0600] "GET /phpmyadmin/themes/pmahomme/img/ajax_clock_small.gif HTTP/1.1" 200 1810
::1 - - [08/May/2019:00:48:09 -0600] "GET /phpmyadmin/js/get_scripts.js.php?token=b19f456edb006bc1e449085aac906ec1&scripts[]=jquery/jquery-1.8.3.min.js&scripts[]=ajax.js&scripts[]=keyhandler.js&scripts[]=jquery/jquery-ui-1.9.2.custom.min.js&scripts[]=jquery/jquery.sprintf.js&scripts[]=jquery/jquery.cookie.js&scripts[]=jquery/jquery.mousewheel.js&scripts[]=jquery/jquery.event.drag-2.2.js&scripts[]=jquery/jquery-ui-timepicker-addon.js&scripts[]=jquery/jquery.ba-hashchange-1.3.js&scripts[]=jquery/jquery.debounce-1.0.5.js&scripts[]=jquery/jquery.menuResizer-1.0.js&scripts[]=cross_framing_protection.js&scripts[]=rte.js&scripts[]=tracekit/tracekit.js&scripts[]=error_report.js&scripts[]=doclinks.js&scripts[]=functions.js&scripts[]=navigation.js&scripts[]=indexes.js&scripts[]=common.js&scripts[]=codemirror/lib/codemirror.js&scripts[]=codemirror/mode/sql/sql.js&scripts[]=codemirror/addon/runmode/runmode.js HTTP/1.1" 200 1039434
::1 - - [08/May/2019:00:48:09 -0600] "GET /phpmyadmin/phpmyadmin.css.php?server=1&token=b19f456edb006bc1e449085aac906ec1&nocache=5912508395ltr HTTP/1.1" 200 93053
::1 - - [08/May/2019:00:48:09 -0600] "GET /phpmyadmin/js/get_image.js.php?theme=pmahomme HTTP/1.1" 200 6388
::1 - - [08/May/2019:00:48:09 -0600] "GET /phpmyadmin/js/messages.php?lang=es&db=&token=b19f456edb006bc1e449085aac906ec1 HTTP/1.1" 200 19524
::1 - - [08/May/2019:00:48:10 -0600] "GET /phpmyadmin/themes/pmahomme/img/left_nav_bg.png HTTP/1.1" 200 297
::1 - - [08/May/2019:00:48:10 -0600] "GET /phpmyadmin/themes/pmahomme/img/sprites.png HTTP/1.1" 200 41626
::1 - - [08/May/2019:00:48:11 -0600] "GET /phpmyadmin/version_check.php?&_nocache=1557298091078206654 HTTP/1.1" 200 39
::1 - - [08/May/2019:00:49:26 -0600] "GET /phpmyadmin/index.php?token=b19f456edb006bc1e449085aac906ec1&set_theme=original HTTP/1.1" 200 50714
::1 - - [08/May/2019:00:49:27 -0600] "GET /phpmyadmin/themes/original/jquery/jquery-ui-1.9.2.custom.css HTTP/1.1" 200 32278
::1 - - [08/May/2019:00:49:27 -0600] "GET /phpmyadmin/themes/original/img/logo_left.png HTTP/1.1" 200 6796
::1 - - [08/May/2019:00:49:27 -0600] "GET /phpmyadmin/themes/original/img/ajax_clock_small.gif HTTP/1.1" 200 1810
::1 - - [08/May/2019:00:49:27 -0600] "GET /phpmyadmin/phpmyadmin.css.php?server=1&token=b19f456edb006bc1e449085aac906ec1&nocache=5912508196ltr HTTP/1.1" 200 84671
::1 - - [08/May/2019:00:49:27 -0600] "GET /phpmyadmin/js/get_image.js.php?theme=original HTTP/1.1" 200 6015
::1 - - [08/May/2019:00:49:27 -0600] "GET /phpmyadmin/themes/original/img/sprites.png HTTP/1.1" 200 20509
::1 - - [08/May/2019:00:49:27 -0600] "GET /phpmyadmin/themes/original/img/logo_right.png HTTP/1.1" 200 4548
::1 - - [08/May/2019:00:49:28 -0600] "GET /phpmyadmin/version_check.php?&_nocache=155729816810032608 HTTP/1.1" 200 39
::1 - - [08/May/2019:00:49:34 -0600] "GET /phpmyadmin/index.php?token=b19f456edb006bc1e449085aac906ec1&set_theme=pmahomme HTTP/1.1" 200 50714
::1 - - [08/May/2019:00:49:34 -0600] "GET /phpmyadmin/version_check.php?&_nocache=1557298174709230216 HTTP/1.1" 200 39
::1 - - [08/May/2019:00:49:43 -0600] "GET /phpmyadmin/index.php?token=b19f456edb006bc1e449085aac906ec1&set_fontsize=102%25 HTTP/1.1" 200 50732
::1 - - [08/May/2019:00:49:44 -0600] "GET /phpmyadmin/phpmyadmin.css.php?server=1&token=b19f456edb006bc1e449085aac906ec1&nocache=5912508500ltr HTTP/1.1" 200 93054
::1 - - [08/May/2019:00:49:45 -0600] "GET /phpmyadmin/version_check.php?&_nocache=1557298185005871751 HTTP/1.1" 200 39
::1 - - [08/May/2019:00:49:49 -0600] "GET /phpmyadmin/prefs_manage.php?token=b19f456edb006bc1e449085aac906ec1&ajax_request=true&ajax_page_request=true&menuHashes=67839cd5&_nocache=1557298189426381477 HTTP/1.1" 200 12600
::1 - - [08/May/2019:00:49:50 -0600] "GET /phpmyadmin/js/get_scripts.js.php?scripts[]=config.js&token=b19f456edb006bc1e449085aac906ec1&call_done=1 HTTP/1.1" 200 24361
::1 - - [08/May/2019:00:50:10 -0600] "POST /phpmyadmin/prefs_manage.php HTTP/1.1" 200 19817
::1 - - [08/May/2019:00:50:11 -0600] "GET /phpmyadmin/js/get_scripts.js.php?token=b19f456edb006bc1e449085aac906ec1&scripts[]=jquery/jquery-1.8.3.min.js&scripts[]=ajax.js&scripts[]=keyhandler.js&scripts[]=jquery/jquery-ui-1.9.2.custom.min.js&scripts[]=jquery/jquery.sprintf.js&scripts[]=jquery/jquery.cookie.js&scripts[]=jquery/jquery.mousewheel.js&scripts[]=jquery/jquery.event.drag-2.2.js&scripts[]=jquery/jquery-ui-timepicker-addon.js&scripts[]=jquery/jquery.ba-hashchange-1.3.js&scripts[]=jquery/jquery.debounce-1.0.5.js&scripts[]=jquery/jquery.menuResizer-1.0.js&scripts[]=cross_framing_protection.js&scripts[]=rte.js&scripts[]=tracekit/tracekit.js&scripts[]=error_report.js&scripts[]=doclinks.js&scripts[]=functions.js&scripts[]=navigation.js&scripts[]=indexes.js&scripts[]=common.js&scripts[]=config.js&scripts[]=codemirror/lib/codemirror.js&scripts[]=codemirror/mode/sql/sql.js&scripts[]=codemirror/addon/runmode/runmode.js HTTP/1.1" 200 1063769
::1 - - [08/May/2019:00:50:11 -0600] "GET /phpmyadmin/phpmyadmin.css.php?server=1&token=b19f456edb006bc1e449085aac906ec1&nocache=5912508510ltr HTTP/1.1" 200 93054
::1 - - [08/May/2019:00:50:28 -0600] "POST /phpmyadmin/prefs_manage.php HTTP/1.1" 200 19817
::1 - - [08/May/2019:00:50:37 -0600] "GET /phpmyadmin/server_privileges.php?db=&token=b19f456edb006bc1e449085aac906ec1&viewing_mode=server&ajax_request=true&ajax_page_request=true&_nocache=155729823736864551 HTTP/1.1" 200 13823
::1 - - [08/May/2019:00:50:37 -0600] "GET /phpmyadmin/server_privileges.php?db=&token=b19f456edb006bc1e449085aac906ec1&viewing_mode=server&ajax_request=true&ajax_page_request=true&_nocache=1557298237505536682 HTTP/1.1" 200 13823
::1 - - [08/May/2019:00:50:38 -0600] "GET /phpmyadmin/js/get_scripts.js.php?scripts[]=server_privileges.js&token=b19f456edb006bc1e449085aac906ec1&call_done=1 HTTP/1.1" 200 26581
::1 - - [08/May/2019:00:50:38 -0600] "GET /phpmyadmin/themes/pmahomme/img/arrow_ltr.png HTTP/1.1" 200 139
::1 - - [08/May/2019:00:50:54 -0600] "GET /phpmyadmin/server_databases.php?db=&token=b19f456edb006bc1e449085aac906ec1&ajax_request=true&ajax_page_request=true&menuHashes=061bdb05&_nocache=155729825462121133 HTTP/1.1" 200 43600
::1 - - [08/May/2019:00:50:55 -0600] "GET /phpmyadmin/js/get_scripts.js.php?scripts[]=server_databases.js&token=b19f456edb006bc1e449085aac906ec1&call_done=1 HTTP/1.1" 200 4719
::1 - - [08/May/2019:00:51:00 -0600] "GET /phpmyadmin/server_sql.php?db=&token=b19f456edb006bc1e449085aac906ec1&ajax_request=true&ajax_page_request=true&menuHashes=061bdb05-ef8459b1&_nocache=1557298260274628053 HTTP/1.1" 200 6942
::1 - - [08/May/2019:00:51:00 -0600] "GET /phpmyadmin/js/get_scripts.js.php?scripts[]=makegrid.js&scripts[]=sql.js&token=b19f456edb006bc1e449085aac906ec1&call_done=1 HTTP/1.1" 200 100312
::1 - - [08/May/2019:00:51:02 -0600] "GET /phpmyadmin/server_status.php?db=&token=b19f456edb006bc1e449085aac906ec1&ajax_request=true&ajax_page_request=true&menuHashes=061bdb05-ef8459b1-935710e7&_nocache=1557298262782736312 HTTP/1.1" 200 9140
::1 - - [08/May/2019:00:51:03 -0600] "GET /phpmyadmin/themes/pmahomme/img/s_fulltext.png HTTP/1.1" 200 193
::1 - - [08/May/2019:00:51:35 -0600] "GET /phpmyadmin/server_export.php?db=&token=b19f456edb006bc1e449085aac906ec1&ajax_request=true&ajax_page_request=true&menuHashes=061bdb05-ef8459b1-935710e7-b6bc0f18&_nocache=1557298295343293214 HTTP/1.1" 200 35260
::1 - - [08/May/2019:00:51:35 -0600] "GET /phpmyadmin/js/get_scripts.js.php?scripts[]=export.js&token=b19f456edb006bc1e449085aac906ec1&call_done=1 HTTP/1.1" 200 10538
::1 - - [08/May/2019:00:51:42 -0600] "GET /phpmyadmin/server_import.php?db=&token=b19f456edb006bc1e449085aac906ec1&ajax_request=true&ajax_page_request=true&menuHashes=061bdb05-ef8459b1-935710e7-b6bc0f18-5702d6e9&_nocache=1557298302571265009 HTTP/1.1" 200 15441
::1 - - [08/May/2019:00:51:43 -0600] "GET /phpmyadmin/js/get_scripts.js.php?scripts[]=import.js&token=b19f456edb006bc1e449085aac906ec1&call_done=1 HTTP/1.1" 200 3920
::1 - - [08/May/2019:00:51:45 -0600] "GET /phpmyadmin/prefs_manage.php?db=&token=b19f456edb006bc1e449085aac906ec1&ajax_request=true&ajax_page_request=true&menuHashes=061bdb05-ef8459b1-935710e7-b6bc0f18-5702d6e9-28c2c6df&_nocache=1557298305095337931 HTTP/1.1" 200 12600
::1 - - [08/May/2019:00:51:52 -0600] "GET /phpmyadmin/server_variables.php?db=&token=b19f456edb006bc1e449085aac906ec1&ajax_request=true&ajax_page_request=true&menuHashes=061bdb05-ef8459b1-935710e7-b6bc0f18-5702d6e9-28c2c6df-84d62370&_nocache=1557298312847609667 HTTP/1.1" 200 160029
::1 - - [08/May/2019:00:51:53 -0600] "GET /phpmyadmin/js/get_scripts.js.php?scripts[]=server_variables.js&token=b19f456edb006bc1e449085aac906ec1&call_done=1 HTTP/1.1" 200 5863
::1 - - [08/May/2019:00:51:57 -0600] "GET /phpmyadmin/server_engines.php?db=&token=b19f456edb006bc1e449085aac906ec1&ajax_request=true&ajax_page_request=true&menuHashes=ef8459b1-935710e7-b6bc0f18-5702d6e9-28c2c6df-84d62370-c1d2c357&_nocache=1557298316965616669 HTTP/1.1" 200 7052
::1 - - [08/May/2019:00:52:09 -0600] "GET /phpmyadmin/index.php?token=b19f456edb006bc1e449085aac906ec1&ajax_request=true&ajax_page_request=true&menuHashes=935710e7-b6bc0f18-5702d6e9-28c2c6df-84d62370-c1d2c357-32411ff7&_nocache=1557298329778628261 HTTP/1.1" 200 45688
::1 - - [08/May/2019:00:52:10 -0600] "GET /phpmyadmin/version_check.php?&_nocache=1557298330261406726 HTTP/1.1" 200 39
::1 - - [08/May/2019:00:52:18 -0600] "GET /phpmyadmin/server_databases.php?server=1&token=b19f456edb006bc1e449085aac906ec1&ajax_request=true&ajax_page_request=true&menuHashes=b6bc0f18-5702d6e9-28c2c6df-84d62370-c1d2c357-32411ff7-67839cd5&_nocache=1557298338070681364 HTTP/1.1" 200 43602
::1 - - [08/May/2019:00:52:31 -0600] "GET /phpmyadmin/db_structure.php?server=1&db=information_schema&token=b19f456edb006bc1e449085aac906ec1&ajax_request=true&ajax_page_request=true&menuHashes=5702d6e9-28c2c6df-84d62370-c1d2c357-32411ff7-67839cd5-ef8459b1&_nocache=1557298351536359512 HTTP/1.1" 200 87112
::1 - - [08/May/2019:00:52:32 -0600] "GET /phpmyadmin/js/get_scripts.js.php?scripts[]=db_structure.js&scripts[]=tbl_change.js&token=b19f456edb006bc1e449085aac906ec1&call_done=1 HTTP/1.1" 200 36139
::1 - - [08/May/2019:00:52:32 -0600] "GET /phpmyadmin/navigation.php?ajax_request=1&token=b19f456edb006bc1e449085aac906ec1&aPath=cm9vdA%3D%3D.aW5mb3JtYXRpb25fc2NoZW1h&vPath=cm9vdA%3D%3D.aW5mb3JtYXRpb25fc2NoZW1h&pos=0&pos2_name=&pos2_value=&searchClause=&searchClause2=&_nocache=1557298352805110366 HTTP/1.1" 200 33774
::1 - - [08/May/2019:00:52:39 -0600] "GET /phpmyadmin/db_structure.php?server=1&db=mysql&token=b19f456edb006bc1e449085aac906ec1&ajax_request=true&ajax_page_request=true&menuHashes=28c2c6df-84d62370-c1d2c357-32411ff7-67839cd5-ef8459b1-14d6379b&_nocache=1557298359712312586 HTTP/1.1" 200 90498
::1 - - [08/May/2019:00:52:39 -0600] "GET /phpmyadmin/db_structure.php?server=1&db=mysql&token=b19f456edb006bc1e449085aac906ec1&ajax_request=true&ajax_page_request=true&menuHashes=28c2c6df-84d62370-c1d2c357-32411ff7-67839cd5-ef8459b1-14d6379b&_nocache=1557298359868326144 HTTP/1.1" 200 90498
::1 - - [08/May/2019:00:52:40 -0600] "GET /phpmyadmin/navigation.php?ajax_request=1&token=b19f456edb006bc1e449085aac906ec1&aPath=cm9vdA%3D%3D.bXlzcWw%3D&vPath=cm9vdA%3D%3D.bXlzcWw%3D&pos=0&pos2_name=&pos2_value=&searchClause=&searchClause2=&_nocache=1557298360891289154 HTTP/1.1" 200 24652
::1 - - [08/May/2019:00:52:47 -0600] "GET /phpmyadmin/db_structure.php?server=1&db=performance_schema&token=b19f456edb006bc1e449085aac906ec1&ajax_request=true&ajax_page_request=true&menuHashes=84d62370-c1d2c357-32411ff7-67839cd5-ef8459b1-14d6379b-e6d762ce&_nocache=1557298367009102847 HTTP/1.1" 200 90704
::1 - - [08/May/2019:00:52:47 -0600] "GET /phpmyadmin/db_structure.php?server=1&db=performance_schema&token=b19f456edb006bc1e449085aac906ec1&ajax_request=true&ajax_page_request=true&menuHashes=84d62370-c1d2c357-32411ff7-67839cd5-ef8459b1-14d6379b-e6d762ce&_nocache=1557298367157103571 HTTP/1.1" 200 90704
::1 - - [08/May/2019:00:52:48 -0600] "GET /phpmyadmin/navigation.php?ajax_request=1&token=b19f456edb006bc1e449085aac906ec1&aPath=cm9vdA%3D%3D.cGVyZm9ybWFuY2Vfc2NoZW1h&vPath=cm9vdA%3D%3D.cGVyZm9ybWFuY2Vfc2NoZW1h&pos=0&pos2_name=&pos2_value=&searchClause=&searchClause2=&_nocache=155729836809268641 HTTP/1.1" 200 53478
::1 - - [08/May/2019:00:52:52 -0600] "GET /phpmyadmin/db_structure.php?server=1&db=test&token=b19f456edb006bc1e449085aac906ec1&ajax_request=true&ajax_page_request=true&menuHashes=c1d2c357-32411ff7-67839cd5-ef8459b1-14d6379b-e6d762ce-50b56450&_nocache=1557298372315473583 HTTP/1.1" 200 5687
::1 - - [08/May/2019:00:52:52 -0600] "GET /phpmyadmin/db_structure.php?server=1&db=test&token=b19f456edb006bc1e449085aac906ec1&ajax_request=true&ajax_page_request=true&menuHashes=c1d2c357-32411ff7-67839cd5-ef8459b1-14d6379b-e6d762ce-50b56450&_nocache=1557298372471108467 HTTP/1.1" 200 5687
::1 - - [08/May/2019:00:52:53 -0600] "GET /phpmyadmin/navigation.php?ajax_request=1&token=b19f456edb006bc1e449085aac906ec1&aPath=cm9vdA%3D%3D.dGVzdA%3D%3D&vPath=cm9vdA%3D%3D.dGVzdA%3D%3D&pos=0&pos2_name=&pos2_value=&searchClause=&searchClause2=&_nocache=1557298373169640066 HTTP/1.1" 200 97
::1 - - [08/May/2019:00:53:02 -0600] "GET /phpmyadmin/version_check.php?&_nocache=1557298382279248173 HTTP/1.1" 200 39
::1 - - [08/May/2019:00:55:25 -0600] "GET / HTTP/1.1" 200 4868
::1 - - [08/May/2019:00:55:25 -0600] "GET /index.php?img=gifLogo HTTP/1.1" 200 4549
::1 - - [08/May/2019:00:55:25 -0600] "GET /index.php?img=pngWrench HTTP/1.1" 200 741
::1 - - [08/May/2019:00:55:25 -0600] "GET /index.php?img=pngFolderGo HTTP/1.1" 200 694
::1 - - [08/May/2019:00:55:25 -0600] "GET /index.php?img=pngPlugin HTTP/1.1" 200 548
::1 - - [08/May/2019:00:57:29 -0600] "GET / HTTP/1.1" 200 4835
::1 - - [08/May/2019:00:57:29 -0600] "GET /index.php?img=gifLogo HTTP/1.1" 200 4549
::1 - - [08/May/2019:00:57:29 -0600] "GET /index.php?img=pngFolder HTTP/1.1" 200 850
::1 - - [08/May/2019:00:57:29 -0600] "GET /index.php?img=pngFolderGo HTTP/1.1" 200 694
::1 - - [08/May/2019:00:57:29 -0600] "GET /index.php?img=pngPlugin HTTP/1.1" 200 548
::1 - - [08/May/2019:00:57:29 -0600] "GET /index.php?img=pngWrench HTTP/1.1" 200 741
::1 - - [08/May/2019:00:57:29 -0600] "GET /index.php?img=favicon HTTP/1.1" 200 1429
::1 - - [08/May/2019:01:29:11 -0600] "GET /buscadorphp HTTP/1.1" 301 321
::1 - - [08/May/2019:01:29:11 -0600] "GET /buscadorphp/ HTTP/1.1" 200 3764
::1 - - [08/May/2019:01:29:11 -0600] "GET /buscadorphp/css/materialize.min.css HTTP/1.1" 200 110820
::1 - - [08/May/2019:01:29:11 -0600] "GET /buscadorphp/css/customColors.css HTTP/1.1" 200 1098
::1 - - [08/May/2019:01:29:11 -0600] "GET /buscadorphp/css/ion.rangeSlider.css HTTP/1.1" 200 3355
::1 - - [08/May/2019:01:29:11 -0600] "GET /buscadorphp/css/ion.rangeSlider.skinFlat.css HTTP/1.1" 200 2206
::1 - - [08/May/2019:01:29:11 -0600] "GET /buscadorphp/css/index.css HTTP/1.1" 200 2274
::1 - - [08/May/2019:01:29:11 -0600] "GET /buscadorphp/js/jquery-3.0.0.js HTTP/1.1" 200 263268
::1 - - [08/May/2019:01:29:11 -0600] "GET /buscadorphp/js/ion.rangeSlider.min.js HTTP/1.1" 200 38908
::1 - - [08/May/2019:01:29:11 -0600] "GET /buscadorphp/js/index.js HTTP/1.1" 200 1312
::1 - - [08/May/2019:01:29:11 -0600] "GET /buscadorphp/js/materialize.min.js HTTP/1.1" 200 131546
::1 - - [08/May/2019:01:29:11 -0600] "GET /buscadorphp/img/video.mp4 HTTP/1.1" 404 307
::1 - - [08/May/2019:01:29:11 -0600] "GET /buscadorphp/img/home.jpg HTTP/1.1" 200 60698
::1 - - [08/May/2019:01:29:11 -0600] "GET /buscadorphp/img/sprite-skin-flat.png HTTP/1.1" 200 982
::1 - - [08/May/2019:01:29:11 -0600] "GET /buscadorphp/fonts/roboto/Roboto-Regular.woff2 HTTP/1.1" 200 49236
::1 - - [08/May/2019:01:29:11 -0600] "GET /favicon.ico HTTP/1.1" 200 202575
::1 - - [08/May/2019:01:29:24 -0600] "GET /buscadorphp/index.php?ciudad=New+York&tipo=Apartamento&precio=200%3B80000&buscar=Buscar HTTP/1.1" 200 4624
::1 - - [08/May/2019:01:29:24 -0600] "GET /buscadorphp/img/video.mp4 HTTP/1.1" 404 307
::1 - - [08/May/2019:01:29:24 -0600] "GET /buscadorphp/fonts/roboto/Roboto-Medium.woff2 HTTP/1.1" 200 50224
::1 - - [08/May/2019:01:29:31 -0600] "GET /buscadorphp/index.php?todos= HTTP/1.1" 200 46599
::1 - - [08/May/2019:01:29:31 -0600] "GET /buscadorphp/img/video.mp4 HTTP/1.1" 404 307
::1 - - [08/May/2019:01:29:47 -0600] "GET /buscadorphp/index.php?ciudad=Miami&tipo=Casa&precio=200%3B80000&buscar=Buscar HTTP/1.1" 200 5455
::1 - - [08/May/2019:01:29:47 -0600] "GET /buscadorphp/img/video.mp4 HTTP/1.1" 404 307
::1 - - [08/May/2019:01:30:06 -0600] "GET /buscadorphp/index.php?ciudad=Miami&tipo=Casa&precio=200%3B61483&buscar=Buscar HTTP/1.1" 200 4190
::1 - - [08/May/2019:01:30:06 -0600] "GET /buscadorphp/img/video.mp4 HTTP/1.1" 404 307
::1 - - [08/May/2019:01:30:14 -0600] "GET /buscadorphp/index.php?todos= HTTP/1.1" 200 46599
::1 - - [08/May/2019:01:30:14 -0600] "GET /buscadorphp/img/video.mp4 HTTP/1.1" 404 307
::1 - - [08/May/2019:01:31:08 -0600] "GET /buscadorphp/index.php?ciudad=&tipo=&precio=0%3B22684&buscar=Buscar HTTP/1.1" 200 8037
::1 - - [08/May/2019:01:31:08 -0600] "GET /buscadorphp/img/video.mp4 HTTP/1.1" 404 307
::1 - - [08/May/2019:01:49:22 -0600] "GET /nuevacarpeta HTTP/1.1" 301 322
::1 - - [08/May/2019:01:49:22 -0600] "GET /nuevacarpeta/css/customColors.css HTTP/1.1" 200 1098
::1 - - [08/May/2019:01:49:22 -0600] "GET /nuevacarpeta/css/materialize.min.css HTTP/1.1" 200 110820
::1 - - [08/May/2019:01:49:22 -0600] "GET /nuevacarpeta/css/ion.rangeSlider.css HTTP/1.1" 200 3355
::1 - - [08/May/2019:01:49:22 -0600] "GET /nuevacarpeta/css/ion.rangeSlider.skinFlat.css HTTP/1.1" 200 2206
::1 - - [08/May/2019:01:49:22 -0600] "GET /nuevacarpeta/img/video.mp4 HTTP/1.1" 404 308
::1 - - [08/May/2019:01:49:22 -0600] "GET /nuevacarpeta/css/index.css HTTP/1.1" 200 2341
::1 - - [08/May/2019:01:49:22 -0600] "GET /nuevacarpeta/fonts/roboto/Roboto-Regular.woff2 HTTP/1.1" 200 49236
::1 - - [08/May/2019:01:49:22 -0600] "GET /nuevacarpeta/ HTTP/1.1" 200 273959
::1 - - [08/May/2019:01:49:22 -0600] "GET /nuevacarpeta/js/ion.rangeSlider.min.js HTTP/1.1" 200 38908
::1 - - [08/May/2019:01:49:22 -0600] "GET /nuevacarpeta/js/materialize.min.js HTTP/1.1" 200 131546
::1 - - [08/May/2019:01:49:22 -0600] "GET /nuevacarpeta/js/jquery-3.0.0.js HTTP/1.1" 200 263268
::1 - - [08/May/2019:01:49:22 -0600] "GET /nuevacarpeta/js/index.js HTTP/1.1" 200 2097
::1 - - [08/May/2019:01:49:22 -0600] "GET /nuevacarpeta/img/sprite-skin-flat.png HTTP/1.1" 200 982
::1 - - [08/May/2019:01:49:35 -0600] "POST /nuevacarpeta/buscador.php HTTP/1.1" 200 240368
::1 - - [08/May/2019:01:49:35 -0600] "GET /nuevacarpeta/img/home.jpg HTTP/1.1" 200 60698
::1 - - [08/May/2019:01:49:36 -0600] "GET /nuevacarpeta/fonts/roboto/Roboto-Bold.woff2 HTTP/1.1" 200 49976
::1 - - [08/May/2019:01:49:36 -0600] "GET /nuevacarpeta/fonts/roboto/Roboto-Medium.woff2 HTTP/1.1" 200 50224
::1 - - [08/May/2019:01:49:36 -0600] "POST /nuevacarpeta/buscador.php HTTP/1.1" 200 240368
::1 - - [08/May/2019:01:49:36 -0600] "POST /nuevacarpeta/buscador.php HTTP/1.1" 200 240368
::1 - - [08/May/2019:01:49:39 -0600] "GET /nuevacarpeta/listar.php HTTP/1.1" 200 43035
::1 - - [08/May/2019:01:49:40 -0600] "GET /nuevacarpeta/listar.php HTTP/1.1" 200 43035
::1 - - [08/May/2019:01:53:21 -0600] "GET /nuevacarpeta/ HTTP/1.1" 200 982
::1 - - [08/May/2019:01:53:21 -0600] "GET /icons/blank.gif HTTP/1.1" 403 301
::1 - - [08/May/2019:01:53:21 -0600] "GET /icons/compressed.gif HTTP/1.1" 403 306
::1 - - [08/May/2019:01:53:21 -0600] "GET /icons/back.gif HTTP/1.1" 403 300
::1 - - [08/May/2019:01:54:06 -0600] "GET /nuevacarpeta/ HTTP/1.1" 200 975
::1 - - [08/May/2019:01:54:06 -0600] "GET /icons/blank.gif HTTP/1.1" 403 301
::1 - - [08/May/2019:01:54:06 -0600] "GET /icons/folder.gif HTTP/1.1" 403 302
::1 - - [08/May/2019:01:54:06 -0600] "GET /icons/back.gif HTTP/1.1" 403 300
::1 - - [08/May/2019:01:54:06 -0600] "GET /favicon.ico HTTP/1.1" 200 202575
::1 - - [08/May/2019:01:54:07 -0600] "GET /nuevacarpeta/ HTTP/1.1" 200 975
::1 - - [08/May/2019:01:54:07 -0600] "GET /icons/blank.gif HTTP/1.1" 403 301
::1 - - [08/May/2019:01:54:07 -0600] "GET /icons/back.gif HTTP/1.1" 403 300
::1 - - [08/May/2019:01:54:07 -0600] "GET /icons/folder.gif HTTP/1.1" 403 302
::1 - - [08/May/2019:01:54:07 -0600] "GET /favicon.ico HTTP/1.1" 200 202575
::1 - - [08/May/2019:01:54:07 -0600] "GET /nuevacarpeta/ HTTP/1.1" 200 975
::1 - - [08/May/2019:01:54:07 -0600] "GET /icons/blank.gif HTTP/1.1" 403 301
::1 - - [08/May/2019:01:54:07 -0600] "GET /icons/back.gif HTTP/1.1" 403 300
::1 - - [08/May/2019:01:54:07 -0600] "GET /icons/folder.gif HTTP/1.1" 403 302
::1 - - [08/May/2019:01:54:07 -0600] "GET /favicon.ico HTTP/1.1" 200 202575
::1 - - [08/May/2019:01:54:20 -0600] "GET /nuevacarpeta/ HTTP/1.1" 200 975
::1 - - [08/May/2019:01:54:20 -0600] "GET /icons/blank.gif HTTP/1.1" 403 301
::1 - - [08/May/2019:01:54:20 -0600] "GET /icons/back.gif HTTP/1.1" 403 300
::1 - - [08/May/2019:01:54:20 -0600] "GET /icons/folder.gif HTTP/1.1" 403 302
::1 - - [08/May/2019:01:54:44 -0600] "GET /nuevacarpeta/ HTTP/1.1" 200 766
::1 - - [08/May/2019:01:54:44 -0600] "GET /icons/blank.gif HTTP/1.1" 403 301
::1 - - [08/May/2019:01:54:44 -0600] "GET /icons/back.gif HTTP/1.1" 403 300
::1 - - [08/May/2019:01:54:44 -0600] "GET /favicon.ico HTTP/1.1" 200 202575
::1 - - [08/May/2019:01:54:45 -0600] "GET /nuevacarpeta/ HTTP/1.1" 200 766
::1 - - [08/May/2019:01:54:45 -0600] "GET /icons/blank.gif HTTP/1.1" 403 301
::1 - - [08/May/2019:01:54:45 -0600] "GET /icons/back.gif HTTP/1.1" 403 300
::1 - - [08/May/2019:01:54:45 -0600] "GET /favicon.ico HTTP/1.1" 200 202575
::1 - - [08/May/2019:01:54:46 -0600] "GET /nuevacarpeta/ HTTP/1.1" 200 766
::1 - - [08/May/2019:01:54:46 -0600] "GET /icons/blank.gif HTTP/1.1" 403 301
::1 - - [08/May/2019:01:54:46 -0600] "GET /icons/back.gif HTTP/1.1" 403 300
::1 - - [08/May/2019:01:54:46 -0600] "GET /favicon.ico HTTP/1.1" 200 202575
::1 - - [08/May/2019:01:54:46 -0600] "GET /nuevacarpeta/ HTTP/1.1" 200 766
::1 - - [08/May/2019:01:54:46 -0600] "GET /icons/blank.gif HTTP/1.1" 403 301
::1 - - [08/May/2019:01:54:46 -0600] "GET /icons/back.gif HTTP/1.1" 403 300
::1 - - [08/May/2019:01:54:46 -0600] "GET /favicon.ico HTTP/1.1" 200 202575
::1 - - [08/May/2019:01:55:50 -0600] "GET /nuevacarpeta/ HTTP/1.1" 200 974
::1 - - [08/May/2019:01:55:50 -0600] "GET /icons/blank.gif HTTP/1.1" 403 301
::1 - - [08/May/2019:01:55:50 -0600] "GET /icons/back.gif HTTP/1.1" 403 300
::1 - - [08/May/2019:01:55:50 -0600] "GET /icons/folder.gif HTTP/1.1" 403 302
::1 - - [08/May/2019:01:55:50 -0600] "GET /favicon.ico HTTP/1.1" 200 202575
::1 - - [08/May/2019:01:55:50 -0600] "GET /nuevacarpeta/ HTTP/1.1" 200 974
::1 - - [08/May/2019:01:55:50 -0600] "GET /icons/blank.gif HTTP/1.1" 403 301
::1 - - [08/May/2019:01:55:50 -0600] "GET /icons/back.gif HTTP/1.1" 403 300
::1 - - [08/May/2019:01:55:50 -0600] "GET /icons/folder.gif HTTP/1.1" 403 302
::1 - - [08/May/2019:01:55:50 -0600] "GET /favicon.ico HTTP/1.1" 200 202575
::1 - - [08/May/2019:01:55:51 -0600] "GET /nuevacarpeta/ HTTP/1.1" 200 974
::1 - - [08/May/2019:01:55:51 -0600] "GET /icons/blank.gif HTTP/1.1" 403 301
::1 - - [08/May/2019:01:55:51 -0600] "GET /icons/back.gif HTTP/1.1" 403 300
::1 - - [08/May/2019:01:55:51 -0600] "GET /icons/folder.gif HTTP/1.1" 403 302
::1 - - [08/May/2019:01:55:51 -0600] "GET /favicon.ico HTTP/1.1" 200 202575
::1 - - [08/May/2019:01:56:00 -0600] "GET /nuevacarpeta/ HTTP/1.1" 200 974
::1 - - [08/May/2019:01:56:00 -0600] "GET /icons/blank.gif HTTP/1.1" 403 301
::1 - - [08/May/2019:01:56:00 -0600] "GET /icons/back.gif HTTP/1.1" 403 300
::1 - - [08/May/2019:01:56:00 -0600] "GET /icons/folder.gif HTTP/1.1" 403 302
::1 - - [08/May/2019:01:56:03 -0600] "GET /nuevacarpeta/ HTTP/1.1" 200 974
::1 - - [08/May/2019:01:56:03 -0600] "GET /icons/blank.gif HTTP/1.1" 403 301
::1 - - [08/May/2019:01:56:03 -0600] "GET /icons/back.gif HTTP/1.1" 403 300
::1 - - [08/May/2019:01:56:03 -0600] "GET /icons/folder.gif HTTP/1.1" 403 302
::1 - - [08/May/2019:01:56:03 -0600] "GET /favicon.ico HTTP/1.1" 200 202575
::1 - - [08/May/2019:02:06:18 -0600] "GET /buscadorphp/ HTTP/1.1" 200 3764
::1 - - [08/May/2019:02:06:18 -0600] "GET /buscadorphp/img/video.mp4 HTTP/1.1" 404 307
::1 - - [08/May/2019:02:06:28 -0600] "GET /buscadorphp/index.php?todos= HTTP/1.1" 200 46599
::1 - - [08/May/2019:02:06:28 -0600] "GET /buscadorphp/img/video.mp4 HTTP/1.1" 404 307
::1 - - [08/May/2019:02:06:41 -0600] "GET /buscadorphp/index.php?ciudad=&tipo=&precio=200%3B80000&buscar=Buscar HTTP/1.1" 200 31142
::1 - - [08/May/2019:02:06:42 -0600] "GET /buscadorphp/img/video.mp4 HTTP/1.1" 404 307
::1 - - [08/May/2019:02:06:51 -0600] "GET /buscadorphp/index.php?todos= HTTP/1.1" 200 46599
::1 - - [08/May/2019:02:06:51 -0600] "GET /buscadorphp/img/video.mp4 HTTP/1.1" 404 307
::1 - - [08/May/2019:02:06:57 -0600] "GET /buscadorphp/index.php?ciudad=&tipo=&precio=200%3B80000&buscar=Buscar HTTP/1.1" 200 31142
::1 - - [08/May/2019:02:06:57 -0600] "GET /buscadorphp/img/video.mp4 HTTP/1.1" 404 307
::1 - - [08/May/2019:02:11:06 -0600] "GET /nuevacarpeta/ HTTP/1.1" 200 3270
::1 - - [08/May/2019:02:11:07 -0600] "GET /nuevacarpeta/css/materialize.min.css HTTP/1.1" 200 110820
::1 - - [08/May/2019:02:11:07 -0600] "GET /nuevacarpeta/css/customColors.css HTTP/1.1" 200 1098
::1 - - [08/May/2019:02:11:07 -0600] "GET /nuevacarpeta/css/ion.rangeSlider.css HTTP/1.1" 200 3355
::1 - - [08/May/2019:02:11:07 -0600] "GET /nuevacarpeta/css/ion.rangeSlider.skinFlat.css HTTP/1.1" 200 2206
::1 - - [08/May/2019:02:11:07 -0600] "GET /nuevacarpeta/css/index.css HTTP/1.1" 200 2253
::1 - - [08/May/2019:02:11:07 -0600] "GET /nuevacarpeta/js/jquery-3.0.0.js HTTP/1.1" 200 263268
::1 - - [08/May/2019:02:11:07 -0600] "GET /nuevacarpeta/js/ion.rangeSlider.min.js HTTP/1.1" 200 38908
::1 - - [08/May/2019:02:11:07 -0600] "GET /nuevacarpeta/js/apiService.js HTTP/1.1" 200 3946
::1 - - [08/May/2019:02:11:07 -0600] "GET /nuevacarpeta/js/index.js HTTP/1.1" 200 1241
::1 - - [08/May/2019:02:11:07 -0600] "GET /nuevacarpeta/js/materialize.min.js HTTP/1.1" 200 131546
::1 - - [08/May/2019:02:11:07 -0600] "GET /nuevacarpeta/fonts/roboto/Roboto-Regular.woff2 HTTP/1.1" 200 49236
::1 - - [08/May/2019:02:11:07 -0600] "GET /nuevacarpeta/img/sprite-skin-flat.png HTTP/1.1" 200 982
::1 - - [08/May/2019:02:11:16 -0600] "POST /nuevacarpeta/core/buscar.php HTTP/1.1" 200 307
::1 - - [08/May/2019:02:11:16 -0600] "GET /nuevacarpeta/img/home.jpg HTTP/1.1" 200 60698
::1 - - [08/May/2019:02:11:16 -0600] "GET /nuevacarpeta/fonts/roboto/Roboto-Bold.woff2 HTTP/1.1" 200 49976
::1 - - [08/May/2019:02:11:41 -0600] "POST /nuevacarpeta/core/buscar.php HTTP/1.1" 200 618
::1 - - [08/May/2019:02:11:51 -0600] "POST /nuevacarpeta/core/buscar.php HTTP/1.1" 200 18729
::1 - - [08/May/2019:02:12:21 -0600] "POST /nuevacarpeta/core/buscar.php HTTP/1.1" 200 154
::1 - - [08/May/2019:02:12:32 -0600] "POST /nuevacarpeta/core/buscar.php HTTP/1.1" 200 18729
::1 - - [08/May/2019:02:12:49 -0600] "POST /nuevacarpeta/core/buscar.php HTTP/1.1" 200 18729
::1 - - [08/May/2019:02:13:07 -0600] "POST /nuevacarpeta/core/buscar.php HTTP/1.1" 200 154
::1 - - [08/May/2019:02:13:12 -0600] "POST /nuevacarpeta/core/buscar.php HTTP/1.1" 200 18729
::1 - - [08/May/2019:02:21:00 -0600] "GET /nuevacarpeta/ HTTP/1.1" 304 -
::1 - - [08/May/2019:02:21:00 -0600] "GET /nuevacarpeta/css/materialize.min.css HTTP/1.1" 304 -
::1 - - [08/May/2019:02:21:00 -0600] "GET /nuevacarpeta/css/customColors.css HTTP/1.1" 304 -
::1 - - [08/May/2019:02:21:00 -0600] "GET /nuevacarpeta/css/ion.rangeSlider.css HTTP/1.1" 304 -
::1 - - [08/May/2019:02:21:00 -0600] "GET /nuevacarpeta/css/ion.rangeSlider.skinFlat.css HTTP/1.1" 304 -
::1 - - [08/May/2019:02:21:00 -0600] "GET /nuevacarpeta/js/jquery-3.0.0.js HTTP/1.1" 304 -
::1 - - [08/May/2019:02:21:00 -0600] "GET /nuevacarpeta/css/index.css HTTP/1.1" 304 -
::1 - - [08/May/2019:02:21:00 -0600] "GET /nuevacarpeta/js/ion.rangeSlider.min.js HTTP/1.1" 304 -
::1 - - [08/May/2019:02:21:00 -0600] "GET /nuevacarpeta/js/materialize.min.js HTTP/1.1" 304 -
::1 - - [08/May/2019:02:21:00 -0600] "GET /nuevacarpeta/js/index.js HTTP/1.1" 304 -
::1 - - [08/May/2019:02:21:00 -0600] "GET /nuevacarpeta/js/apiService.js HTTP/1.1" 304 -
::1 - - [08/May/2019:02:21:00 -0600] "GET /nuevacarpeta/fonts/roboto/Roboto-Regular.woff2 HTTP/1.1" 304 -
::1 - - [08/May/2019:02:21:00 -0600] "GET /nuevacarpeta/img/sprite-skin-flat.png HTTP/1.1" 304 -
::1 - - [08/May/2019:02:21:00 -0600] "GET /favicon.ico HTTP/1.1" 200 202575
::1 - - [08/May/2019:02:31:22 -0600] "GET /buscadorphp/ HTTP/1.1" 200 3764
::1 - - [08/May/2019:02:31:23 -0600] "GET /buscadorphp/img/video.mp4 HTTP/1.1" 404 307
::1 - - [08/May/2019:02:32:18 -0600] "GET /buscadorphp/ HTTP/1.1" 200 3764
::1 - - [08/May/2019:02:32:18 -0600] "GET /buscadorphp/img/video.mp4 HTTP/1.1" 404 307
::1 - - [08/May/2019:02:32:22 -0600] "GET /buscadorphp/ HTTP/1.1" 200 3764
::1 - - [08/May/2019:02:32:22 -0600] "GET /buscadorphp/img/video.mp4 HTTP/1.1" 404 307
::1 - - [08/May/2019:02:32:22 -0600] "GET /favicon.ico HTTP/1.1" 200 202575
::1 - - [08/May/2019:02:32:32 -0600] "GET /buscadorphp/index.php?ciudad=Miami&tipo=Casa+de+Campo&precio=200%3B80000&buscar=Buscar HTTP/1.1" 200 7218
::1 - - [08/May/2019:02:32:32 -0600] "GET /buscadorphp/img/video.mp4 HTTP/1.1" 404 307
::1 - - [08/May/2019:02:32:45 -0600] "GET /buscadorphp/index.php?ciudad=Washington&tipo=Casa&precio=200%3B80000&buscar=Buscar HTTP/1.1" 200 6306
::1 - - [08/May/2019:02:32:45 -0600] "GET /buscadorphp/img/video.mp4 HTTP/1.1" 404 307
::1 - - [08/May/2019:02:42:19 -0600] "GET /buscadorphp/ HTTP/1.1" 200 3764
::1 - - [08/May/2019:02:42:20 -0600] "GET /buscadorphp/img/video.mp4 HTTP/1.1" 404 307
::1 - - [08/May/2019:02:52:26 -0600] "GET /buscadorphp/ HTTP/1.1" 200 3764
::1 - - [08/May/2019:02:52:26 -0600] "GET /buscadorphp/img/video.mp4 HTTP/1.1" 404 307
::1 - - [08/May/2019:02:52:27 -0600] "GET /favicon.ico HTTP/1.1" 200 202575
::1 - - [08/May/2019:02:52:27 -0600] "GET /buscadorphp/ HTTP/1.1" 200 3764
::1 - - [08/May/2019:02:52:27 -0600] "GET /buscadorphp/img/video.mp4 HTTP/1.1" 404 307
::1 - - [08/May/2019:02:52:27 -0600] "GET /favicon.ico HTTP/1.1" 200 202575
::1 - - [08/May/2019:02:52:28 -0600] "GET /buscadorphp/ HTTP/1.1" 200 3764
::1 - - [08/May/2019:02:52:28 -0600] "GET /buscadorphp/img/video.mp4 HTTP/1.1" 404 307
::1 - - [08/May/2019:02:52:28 -0600] "GET /favicon.ico HTTP/1.1" 200 202575
::1 - - [08/May/2019:02:57:22 -0600] "GET /buscadorphp/ HTTP/1.1" 200 3764
::1 - - [08/May/2019:02:57:22 -0600] "GET /buscadorphp/img/video.mp4 HTTP/1.1" 404 307
::1 - - [08/May/2019:03:44:43 -0600] "GET /buscadorphp/ HTTP/1.1" 200 3764
::1 - - [08/May/2019:03:44:43 -0600] "GET /buscadorphp/img/video.mp4 HTTP/1.1" 404 307
::1 - - [08/May/2019:03:44:51 -0600] "GET /nuevacarpeta/ HTTP/1.1" 304 -
::1 - - [08/May/2019:03:44:51 -0600] "GET /nuevacarpeta/css/materialize.min.css HTTP/1.1" 304 -
::1 - - [08/May/2019:03:44:52 -0600] "GET /nuevacarpeta/css/customColors.css HTTP/1.1" 304 -
::1 - - [08/May/2019:03:44:52 -0600] "GET /nuevacarpeta/css/ion.rangeSlider.css HTTP/1.1" 304 -
::1 - - [08/May/2019:03:44:52 -0600] "GET /nuevacarpeta/css/ion.rangeSlider.skinFlat.css HTTP/1.1" 304 -
::1 - - [08/May/2019:03:44:52 -0600] "GET /nuevacarpeta/css/index.css HTTP/1.1" 304 -
::1 - - [08/May/2019:03:44:52 -0600] "GET /nuevacarpeta/js/materialize.min.js HTTP/1.1" 304 -
::1 - - [08/May/2019:03:44:52 -0600] "GET /nuevacarpeta/js/index.js HTTP/1.1" 304 -
::1 - - [08/May/2019:03:44:52 -0600] "GET /nuevacarpeta/js/apiService.js HTTP/1.1" 304 -
::1 - - [08/May/2019:03:44:52 -0600] "GET /nuevacarpeta/js/ion.rangeSlider.min.js HTTP/1.1" 304 -
::1 - - [08/May/2019:03:44:52 -0600] "GET /nuevacarpeta/js/jquery-3.0.0.js HTTP/1.1" 304 -
::1 - - [08/May/2019:03:44:52 -0600] "GET /nuevacarpeta/fonts/roboto/Roboto-Regular.woff2 HTTP/1.1" 304 -
::1 - - [08/May/2019:03:44:52 -0600] "GET /nuevacarpeta/img/sprite-skin-flat.png HTTP/1.1" 304 -
::1 - - [08/May/2019:03:44:56 -0600] "POST /nuevacarpeta/core/buscar.php HTTP/1.1" 200 18729
::1 - - [08/May/2019:03:44:56 -0600] "GET /nuevacarpeta/img/home.jpg HTTP/1.1" 304 -
::1 - - [08/May/2019:03:44:56 -0600] "GET /nuevacarpeta/fonts/roboto/Roboto-Bold.woff2 HTTP/1.1" 304 -
::1 - - [08/May/2019:03:45:15 -0600] "POST /nuevacarpeta/core/buscar.php HTTP/1.1" 200 307
::1 - - [08/May/2019:04:25:20 -0600] "GET /buscadorphp/index.php?ciudad=New+York&tipo=Apartamento&precio=200%3B80000&buscar=Buscar HTTP/1.1" 200 4624
::1 - - [08/May/2019:04:25:20 -0600] "GET /buscadorphp/css/materialize.min.css HTTP/1.1" 304 -
::1 - - [08/May/2019:04:25:20 -0600] "GET /buscadorphp/css/customColors.css HTTP/1.1" 304 -
::1 - - [08/May/2019:04:25:20 -0600] "GET /buscadorphp/css/ion.rangeSlider.skinFlat.css HTTP/1.1" 304 -
::1 - - [08/May/2019:04:25:20 -0600] "GET /buscadorphp/img/home.jpg HTTP/1.1" 304 -
::1 - - [08/May/2019:04:25:20 -0600] "GET /buscadorphp/css/ion.rangeSlider.css HTTP/1.1" 304 -
::1 - - [08/May/2019:04:25:20 -0600] "GET /buscadorphp/css/index.css HTTP/1.1" 304 -
::1 - - [08/May/2019:04:25:20 -0600] "GET /buscadorphp/js/jquery-3.0.0.js HTTP/1.1" 304 -
::1 - - [08/May/2019:04:25:20 -0600] "GET /buscadorphp/js/ion.rangeSlider.min.js HTTP/1.1" 304 -
::1 - - [08/May/2019:04:25:20 -0600] "GET /buscadorphp/js/materialize.min.js HTTP/1.1" 304 -
::1 - - [08/May/2019:04:25:20 -0600] "GET /buscadorphp/js/index.js HTTP/1.1" 304 -
::1 - - [08/May/2019:04:25:20 -0600] "GET /buscadorphp/img/video.mp4 HTTP/1.1" 404 307
::1 - - [08/May/2019:04:25:20 -0600] "GET /buscadorphp/fonts/roboto/Roboto-Regular.woff2 HTTP/1.1" 304 -
::1 - - [08/May/2019:04:25:20 -0600] "GET /buscadorphp/img/sprite-skin-flat.png HTTP/1.1" 304 -
::1 - - [08/May/2019:04:25:20 -0600] "GET /buscadorphp/fonts/roboto/Roboto-Medium.woff2 HTTP/1.1" 304 -
::1 - - [08/May/2019:04:25:40 -0600] "GET /buscadorphp/index.php?ciudad=Washington&tipo=Casa+de+Campo&precio=200%3B80000&buscar=Buscar HTTP/1.1" 200 4614
::1 - - [08/May/2019:04:25:40 -0600] "GET /buscadorphp/img/video.mp4 HTTP/1.1" 404 307
::1 - - [08/May/2019:04:25:49 -0600] "GET /buscadorphp/index.php?todos= HTTP/1.1" 200 46599
::1 - - [08/May/2019:04:25:49 -0600] "GET /buscadorphp/img/video.mp4 HTTP/1.1" 404 307
::1 - - [08/May/2019:04:39:33 -0600] "GET /prueva HTTP/1.1" 301 316
::1 - - [08/May/2019:04:39:33 -0600] "GET /prueva/ HTTP/1.1" 200 3764
::1 - - [08/May/2019:04:39:33 -0600] "GET /prueva/css/materialize.min.css HTTP/1.1" 200 110820
::1 - - [08/May/2019:04:39:33 -0600] "GET /prueva/css/ion.rangeSlider.skinFlat.css HTTP/1.1" 200 2206
::1 - - [08/May/2019:04:39:33 -0600] "GET /prueva/css/ion.rangeSlider.css HTTP/1.1" 200 3355
::1 - - [08/May/2019:04:39:33 -0600] "GET /prueva/js/jquery-3.0.0.js HTTP/1.1" 200 263268
::1 - - [08/May/2019:04:39:33 -0600] "GET /prueva/css/index.css HTTP/1.1" 200 2274
::1 - - [08/May/2019:04:39:33 -0600] "GET /prueva/css/customColors.css HTTP/1.1" 200 1098
::1 - - [08/May/2019:04:39:33 -0600] "GET /prueva/js/ion.rangeSlider.min.js HTTP/1.1" 200 38908
::1 - - [08/May/2019:04:39:33 -0600] "GET /prueva/js/index.js HTTP/1.1" 200 1312
::1 - - [08/May/2019:04:39:33 -0600] "GET /prueva/js/materialize.min.js HTTP/1.1" 200 131546
::1 - - [08/May/2019:04:39:33 -0600] "GET /prueva/img/video.mp4 HTTP/1.1" 404 302
::1 - - [08/May/2019:04:39:34 -0600] "GET /prueva/img/casa.jpg HTTP/1.1" 200 2188290
::1 - - [08/May/2019:04:39:34 -0600] "GET /prueva/fonts/roboto/Roboto-Regular.woff2 HTTP/1.1" 200 49236
::1 - - [08/May/2019:04:39:34 -0600] "GET /prueva/img/sprite-skin-flat.png HTTP/1.1" 200 982
::1 - - [08/May/2019:04:39:49 -0600] "GET /prueva/index.php?ciudad=Miami&tipo=Casa&precio=200%3B80000&buscar=Buscar HTTP/1.1" 200 5455
::1 - - [08/May/2019:04:39:49 -0600] "GET /prueva/img/home.jpg HTTP/1.1" 200 60698
::1 - - [08/May/2019:04:39:49 -0600] "GET /prueva/img/video.mp4 HTTP/1.1" 404 302
::1 - - [08/May/2019:04:39:50 -0600] "GET /prueva/img/casa.jpg HTTP/1.1" 304 -
::1 - - [08/May/2019:04:39:50 -0600] "GET /prueva/fonts/roboto/Roboto-Medium.woff2 HTTP/1.1" 200 50224
::1 - - [08/May/2019:04:41:27 -0600] "GET /prueva/index.php?ciudad=Miami&tipo=Casa&precio=200%3B80000&buscar=Buscar HTTP/1.1" 404 298
::1 - - [08/May/2019:04:41:27 -0600] "GET /favicon.ico HTTP/1.1" 200 202575
::1 - - [08/May/2019:04:41:27 -0600] "GET /prueva/index.php?ciudad=Miami&tipo=Casa&precio=200%3B80000&buscar=Buscar HTTP/1.1" 404 298
::1 - - [08/May/2019:04:41:27 -0600] "GET /favicon.ico HTTP/1.1" 200 202575
::1 - - [08/May/2019:04:42:01 -0600] "GET /prueva/ HTTP/1.1" 404 289
::1 - - [08/May/2019:04:42:01 -0600] "GET /favicon.ico HTTP/1.1" 200 202575
::1 - - [08/May/2019:04:42:01 -0600] "GET /prueva/ HTTP/1.1" 404 289
::1 - - [08/May/2019:04:42:01 -0600] "GET /favicon.ico HTTP/1.1" 200 202575
::1 - - [08/May/2019:04:42:02 -0600] "GET /prueva/ HTTP/1.1" 404 289
::1 - - [08/May/2019:04:42:02 -0600] "GET /favicon.ico HTTP/1.1" 200 202575
::1 - - [08/May/2019:04:42:02 -0600] "GET /prueva/ HTTP/1.1" 404 289
::1 - - [08/May/2019:04:42:02 -0600] "GET /favicon.ico HTTP/1.1" 200 202575
::1 - - [08/May/2019:04:42:14 -0600] "GET /buscadorphp/ HTTP/1.1" 200 3764
::1 - - [08/May/2019:04:42:14 -0600] "GET /buscadorphp/img/video.mp4 HTTP/1.1" 404 307
::1 - - [08/May/2019:04:42:14 -0600] "GET /buscadorphp/img/casa.jpg HTTP/1.1" 200 2188290
::1 - - [08/May/2019:04:42:18 -0600] "GET /buscadorphp/ HTTP/1.1" 200 3764
::1 - - [08/May/2019:04:42:18 -0600] "GET /buscadorphp/img/video.mp4 HTTP/1.1" 404 307
::1 - - [08/May/2019:04:42:18 -0600] "GET /favicon.ico HTTP/1.1" 200 202575
::1 - - [08/May/2019:04:42:18 -0600] "GET /buscadorphp/ HTTP/1.1" 200 3764
::1 - - [08/May/2019:04:42:18 -0600] "GET /buscadorphp/img/video.mp4 HTTP/1.1" 404 307
::1 - - [08/May/2019:04:42:18 -0600] "GET /favicon.ico HTTP/1.1" 200 202575
::1 - - [08/May/2019:04:42:19 -0600] "GET /buscadorphp/ HTTP/1.1" 200 3764
::1 - - [08/May/2019:04:42:19 -0600] "GET /buscadorphp/img/video.mp4 HTTP/1.1" 404 307
::1 - - [08/May/2019:04:47:02 -0600] "GET /nuevacarpeta/ HTTP/1.1" 200 3288
::1 - - [08/May/2019:04:47:02 -0600] "GET /nuevacarpeta/css/materialize.min.css HTTP/1.1" 304 -
::1 - - [08/May/2019:04:47:02 -0600] "GET /nuevacarpeta/css/ion.rangeSlider.skinFlat.css HTTP/1.1" 304 -
::1 - - [08/May/2019:04:47:02 -0600] "GET /nuevacarpeta/css/ion.rangeSlider.css HTTP/1.1" 304 -
::1 - - [08/May/2019:04:47:02 -0600] "GET /nuevacarpeta/css/index.css HTTP/1.1" 304 -
::1 - - [08/May/2019:04:47:02 -0600] "GET /nuevacarpeta/js/jquery-3.0.0.js HTTP/1.1" 304 -
::1 - - [08/May/2019:04:47:02 -0600] "GET /nuevacarpeta/js/ion.rangeSlider.min.js HTTP/1.1" 304 -
::1 - - [08/May/2019:04:47:02 -0600] "GET /nuevacarpeta/js/materialize.min.js HTTP/1.1" 304 -
::1 - - [08/May/2019:04:47:02 -0600] "GET /nuevacarpeta/js/index.js HTTP/1.1" 304 -
::1 - - [08/May/2019:04:47:02 -0600] "GET /nuevacarpeta/js/apiService.js HTTP/1.1" 304 -
::1 - - [08/May/2019:04:47:02 -0600] "GET /nuevacarpeta/css/customColors.css HTTP/1.1" 304 -
::1 - - [08/May/2019:04:47:02 -0600] "GET /nuevacarpeta/img/casa.jpg HTTP/1.1" 200 2188290
::1 - - [08/May/2019:04:47:03 -0600] "GET /nuevacarpeta/img/video.mp4 HTTP/1.1" 404 308
::1 - - [08/May/2019:04:47:03 -0600] "GET /nuevacarpeta/fonts/roboto/Roboto-Regular.woff2 HTTP/1.1" 304 -
::1 - - [08/May/2019:04:47:03 -0600] "GET /nuevacarpeta/img/sprite-skin-flat.png HTTP/1.1" 304 -
::1 - - [08/May/2019:04:47:17 -0600] "POST /nuevacarpeta/core/buscar.php HTTP/1.1" 200 1375
::1 - - [08/May/2019:04:47:17 -0600] "GET /nuevacarpeta/img/home.jpg HTTP/1.1" 304 -
::1 - - [08/May/2019:04:47:17 -0600] "GET /nuevacarpeta/fonts/roboto/Roboto-Bold.woff2 HTTP/1.1" 304 -
::1 - - [08/May/2019:04:47:47 -0600] "POST /nuevacarpeta/core/buscar.php HTTP/1.1" 200 18729
::1 - - [08/May/2019:04:47:48 -0600] "POST /nuevacarpeta/core/buscar.php HTTP/1.1" 200 18729
::1 - - [08/May/2019:04:48:02 -0600] "POST /nuevacarpeta/core/buscar.php HTTP/1.1" 200 758
::1 - - [08/May/2019:04:48:19 -0600] "GET /buscadorphp/index.php?ciudad=Los+Angeles&tipo=Casa&precio=200%3B80000&buscar=Buscar HTTP/1.1" 200 5053
::1 - - [08/May/2019:04:48:19 -0600] "GET /buscadorphp/img/video.mp4 HTTP/1.1" 404 307
::1 - - [08/May/2019:04:48:19 -0600] "GET /buscadorphp/img/casa.jpg HTTP/1.1" 304 -
::1 - - [08/May/2019:04:48:29 -0600] "GET /buscadorphp/index.php?todos= HTTP/1.1" 200 46599
::1 - - [08/May/2019:04:48:30 -0600] "GET /buscadorphp/img/video.mp4 HTTP/1.1" 404 307
::1 - - [08/May/2019:04:49:21 -0600] "GET /buscadorphp/index.php?ciudad=New+York&tipo=Casa&precio=200%3B80000&buscar=Buscar HTTP/1.1" 200 6747
::1 - - [08/May/2019:04:49:21 -0600] "GET /buscadorphp/img/video.mp4 HTTP/1.1" 404 307
::1 - - [08/May/2019:04:52:02 -0600] "POST /nuevacarpeta/core/buscar.php HTTP/1.1" 200 460
::1 - - [08/May/2019:04:52:29 -0600] "GET /buscadorphp/index.php?ciudad=Miami&tipo=Casa&precio=83088%3B100000&buscar=Buscar HTTP/1.1" 200 3764
::1 - - [08/May/2019:04:52:29 -0600] "GET /buscadorphp/img/video.mp4 HTTP/1.1" 404 307
::1 - - [08/May/2019:04:52:29 -0600] "GET /buscadorphp/img/casa.jpg HTTP/1.1" 304 -
::1 - - [08/May/2019:04:52:47 -0600] "GET /buscadorphp/index.php?ciudad=New+York&tipo=Apartamento&precio=64570%3B96754&buscar=Buscar HTTP/1.1" 200 5483
::1 - - [08/May/2019:04:52:47 -0600] "GET /buscadorphp/img/video.mp4 HTTP/1.1" 404 307
::1 - - [08/May/2019:04:57:11 -0600] "GET /buscadorphp/index.php?ciudad=New+York&tipo=Apartamento&precio=64570%3B96754&buscar=Buscar HTTP/1.1" 200 5483
::1 - - [08/May/2019:04:57:11 -0600] "GET /buscadorphp/img/video.mp4 HTTP/1.1" 404 307
::1 - - [08/May/2019:04:57:11 -0600] "GET /buscadorphp/img/casa.jpg HTTP/1.1" 304 -
::1 - - [08/May/2019:04:57:11 -0600] "GET /favicon.ico HTTP/1.1" 200 202575
::1 - - [08/May/2019:04:57:11 -0600] "GET /buscadorphp/index.php?ciudad=New+York&tipo=Apartamento&precio=64570%3B96754&buscar=Buscar HTTP/1.1" 200 5483
::1 - - [08/May/2019:04:57:11 -0600] "GET /buscadorphp/img/video.mp4 HTTP/1.1" 404 307
::1 - - [08/May/2019:04:57:12 -0600] "GET /favicon.ico HTTP/1.1" 200 202575
::1 - - [08/May/2019:04:57:12 -0600] "GET /buscadorphp/index.php?ciudad=New+York&tipo=Apartamento&precio=64570%3B96754&buscar=Buscar HTTP/1.1" 200 5483
::1 - - [08/May/2019:04:57:12 -0600] "GET /buscadorphp/img/video.mp4 HTTP/1.1" 404 307
::1 - - [08/May/2019:04:57:12 -0600] "GET /buscadorphp/index.php?ciudad=New+York&tipo=Apartamento&precio=64570%3B96754&buscar=Buscar HTTP/1.1" 200 5483
::1 - - [08/May/2019:04:57:12 -0600] "GET /buscadorphp/img/video.mp4 HTTP/1.1" 404 307
::1 - - [08/May/2019:04:57:12 -0600] "GET /favicon.ico HTTP/1.1" 200 202575
::1 - - [08/May/2019:04:57:13 -0600] "GET /buscadorphp/index.php?ciudad=New+York&tipo=Apartamento&precio=64570%3B96754&buscar=Buscar HTTP/1.1" 200 5483
::1 - - [08/May/2019:04:57:13 -0600] "GET /buscadorphp/img/video.mp4 HTTP/1.1" 404 307
::1 - - [08/May/2019:04:57:13 -0600] "GET /buscadorphp/index.php?ciudad=New+York&tipo=Apartamento&precio=64570%3B96754&buscar=Buscar HTTP/1.1" 200 5483
::1 - - [08/May/2019:04:57:13 -0600] "GET /buscadorphp/img/video.mp4 HTTP/1.1" 404 307
::1 - - [08/May/2019:04:57:13 -0600] "GET /favicon.ico HTTP/1.1" 200 202575
::1 - - [08/May/2019:04:57:13 -0600] "GET /buscadorphp/index.php?ciudad=New+York&tipo=Apartamento&precio=64570%3B96754&buscar=Buscar HTTP/1.1" 200 5483
::1 - - [08/May/2019:04:57:13 -0600] "GET /buscadorphp/img/video.mp4 HTTP/1.1" 404 307
::1 - - [08/May/2019:04:58:16 -0600] "GET /buscadorphp/index.php?ciudad=New+York&tipo=Apartamento&precio=64570%3B96754&buscar=Buscar HTTP/1.1" 200 5483
::1 - - [08/May/2019:04:58:16 -0600] "GET /buscadorphp/img/video.mp4 HTTP/1.1" 404 307
::1 - - [08/May/2019:04:58:17 -0600] "GET /favicon.ico HTTP/1.1" 200 202575
::1 - - [08/May/2019:04:58:17 -0600] "GET /buscadorphp/index.php?ciudad=New+York&tipo=Apartamento&precio=64570%3B96754&buscar=Buscar HTTP/1.1" 200 5483
::1 - - [08/May/2019:04:58:17 -0600] "GET /buscadorphp/img/video.mp4 HTTP/1.1" 404 307
::1 - - [08/May/2019:04:58:18 -0600] "GET /favicon.ico HTTP/1.1" 200 202575
::1 - - [08/May/2019:04:58:18 -0600] "GET /buscadorphp/index.php?ciudad=New+York&tipo=Apartamento&precio=64570%3B96754&buscar=Buscar HTTP/1.1" 200 5483
::1 - - [08/May/2019:04:58:18 -0600] "GET /buscadorphp/img/video.mp4 HTTP/1.1" 404 307
::1 - - [08/May/2019:05:01:07 -0600] "GET /buscadorphp/ HTTP/1.1" 200 3764
::1 - - [08/May/2019:05:01:07 -0600] "GET /buscadorphp/img/video.mp4 HTTP/1.1" 404 307
::1 - - [08/May/2019:05:01:07 -0600] "GET /buscadorphp/img/casa.jpg HTTP/1.1" 304 -
