2019-05-08 00:45:20 4552 [Note] Plugin 'FEDERATED' is disabled.
2019-05-08 00:45:20 4552 [Note] InnoDB: Using atomics to ref count buffer pool pages
2019-05-08 00:45:20 4552 [Note] InnoDB: The InnoDB memory heap is disabled
2019-05-08 00:45:20 4552 [Note] InnoDB: Mutexes and rw_locks use Windows interlocked functions
2019-05-08 00:45:20 4552 [Note] InnoDB: Compressed tables use zlib 1.2.3
2019-05-08 00:45:20 4552 [Note] InnoDB: Not using CPU crc32 instructions
2019-05-08 00:45:20 4552 [Note] InnoDB: Initializing buffer pool, size = 128.0M
2019-05-08 00:45:20 4552 [Note] InnoDB: Completed initialization of buffer pool
2019-05-08 00:45:20 4552 [Note] InnoDB: Highest supported file format is Barracuda.
2019-05-08 00:45:20 4552 [Note] InnoDB: 128 rollback segment(s) are active.
2019-05-08 00:45:21 4552 [Note] InnoDB: Waiting for purge to start
2019-05-08 00:45:21 4552 [Note] InnoDB: 5.6.17 started; log sequence number 1625977
2019-05-08 00:45:21 4552 [Warning] No existing UUID has been found, so we assume that this is the first time that this server has been started. Generating a new UUID: d97d4ca5-715c-11e9-8614-a4db308abaef.
2019-05-08 00:45:21 4552 [Note] Server hostname (bind-address): '*'; port: 3306
2019-05-08 00:45:21 4552 [Note] IPv6 is available.
2019-05-08 00:45:21 4552 [Note]   - '::' resolves to '::';
2019-05-08 00:45:21 4552 [Note] Server socket created on IP: '::'.
2019-05-08 00:45:21 4552 [Note] Event Scheduler: Loaded 0 events
2019-05-08 00:45:21 4552 [Note] wampmysqld: ready for connections.
Version: '5.6.17'  socket: ''  port: 3306  MySQL Community Server (GPL)
